<?xml version="1.0" encoding="UTF-8"?>
<!-- Generated by org.testng.reporters.JUnitReportReporter -->
<testsuite hostname="Roshini" failures="0" tests="4" name="com.runner.TestRunnerTestNG" time="128.867" errors="0" timestamp="2025-09-10T13:38:42 IST" skipped="0">
  <testcase classname="com.runner.TestRunnerTestNG" name="runScenario" time="0.204"/>
  <testcase classname="com.runner.TestRunnerTestNG" name="runScenario" time="103.115"/>
  <testcase classname="com.runner.TestRunnerTestNG" name="runScenario" time="4.304"/>
  <testcase classname="com.runner.TestRunnerTestNG" name="runScenario" time="21.244"/>
</testsuite> <!-- com.runner.TestRunnerTestNG -->
