<?xml version="1.0" encoding="UTF-8"?>
<!-- Generated by org.testng.reporters.JUnitReportReporter -->
<testsuite hostname="Roshini" failures="0" tests="9" name="com.runner.TestRunnerTestNG" time="244.047" errors="0" timestamp="2025-09-13T12:54:36 IST" skipped="0">
  <testcase classname="com.runner.TestRunnerTestNG" name="runScenario" time="16.892"/>
  <testcase classname="com.runner.TestRunnerTestNG" name="runScenario" time="22.349"/>
  <testcase classname="com.runner.TestRunnerTestNG" name="runScenario" time="13.880"/>
  <testcase classname="com.runner.TestRunnerTestNG" name="runScenario" time="14.929"/>
  <testcase classname="com.runner.TestRunnerTestNG" name="runScenario" time="18.335"/>
  <testcase classname="com.runner.TestRunnerTestNG" name="runScenario" time="10.224"/>
  <testcase classname="com.runner.TestRunnerTestNG" name="runScenario" time="17.741"/>
  <testcase classname="com.runner.TestRunnerTestNG" name="runScenario" time="18.977"/>
  <testcase classname="com.runner.TestRunnerTestNG" name="runScenario" time="110.720"/>
</testsuite> <!-- com.runner.TestRunnerTestNG -->
