<?xml version="1.0" encoding="UTF-8"?>
<!-- Generated by org.testng.reporters.JUnitReportReporter -->
<testsuite hostname="Roshini" failures="1" tests="4" name="com.runner.TestRunnerTestNG" time="85.242" errors="0" timestamp="2025-09-12T23:56:50 IST" skipped="0">
  <testcase classname="com.runner.TestRunnerTestNG" name="runScenario" time="57.795"/>
  <testcase classname="com.runner.TestRunnerTestNG" name="runScenario" time="3.236"/>
  <testcase classname="com.runner.TestRunnerTestNG" name="runScenario" time="19.925"/>
  <testcase classname="com.runner.TestRunnerTestNG" name="runScenario" time="4.286">
    <failure message="Failed to shortlist the first property from the listing. expected [true] but found [false]" type="java.lang.AssertionError">
      <![CDATA[java.lang.AssertionError: Failed to shortlist the first property from the listing. expected [true] but found [false]
at org.testng.Assert.fail(Assert.java:111)
at org.testng.Assert.failNotEquals(Assert.java:1590)
at org.testng.Assert.assertTrue(Assert.java:57)
at com.stepDefinition.ShortlistProperty.i_shortlist_the_first_property_from_the_listing(ShortlistProperty.java:34)
at âœ½.I shortlist the first property from the listing(file:///C:/Users/Roshini/eclipse-workspace/test_magicbricks/src/test/resources/Features/ShortlistProperty.feature:7)
]]>
    </failure>
  </testcase> <!-- runScenario -->
</testsuite> <!-- com.runner.TestRunnerTestNG -->
