<?xml version="1.0" encoding="UTF-8"?>
<!-- Generated by org.testng.reporters.JUnitReportReporter -->
<testsuite hostname="Roshini" failures="1" tests="4" name="com.runner.TestRunnerTestNG" time="63.165" errors="0" timestamp="2025-09-11T22:45:15 IST" skipped="0">
  <testcase classname="com.runner.TestRunnerTestNG" name="runScenario" time="1.538">
    <failure message="Failed to view shortlisted properties. expected [true] but found [false]" type="java.lang.AssertionError">
      <![CDATA[java.lang.AssertionError: Failed to view shortlisted properties. expected [true] but found [false]
at org.testng.Assert.fail(Assert.java:111)
at org.testng.Assert.failNotEquals(Assert.java:1590)
at org.testng.Assert.assertTrue(Assert.java:57)
at com.stepDefinition.ShortlistProperty.i_view_the_shortlisted_properties(ShortlistProperty.java:44)
at âœ½.I view the shortlisted properties(file:///C:/Users/Roshini/eclipse-workspace/test_magicbricks/src/test/resources/Features/ShortlistProperty.feature:7)
]]>
    </failure>
  </testcase> <!-- runScenario -->
  <testcase classname="com.runner.TestRunnerTestNG" name="runScenario" time="0.201"/>
  <testcase classname="com.runner.TestRunnerTestNG" name="runScenario" time="55.628"/>
  <testcase classname="com.runner.TestRunnerTestNG" name="runScenario" time="5.798"/>
</testsuite> <!-- com.runner.TestRunnerTestNG -->
