<?xml version="1.0" encoding="UTF-8"?>
<!-- Generated by org.testng.reporters.JUnitReportReporter -->
<testsuite hostname="Roshini" failures="0" tests="3" name="com.runner.TestRunnerTestNG" time="37.306" errors="0" timestamp="2025-09-10T14:23:52 IST" skipped="0">
  <testcase classname="com.runner.TestRunnerTestNG" name="runScenario" time="11.507"/>
  <testcase classname="com.runner.TestRunnerTestNG" name="runScenario" time="12.556"/>
  <testcase classname="com.runner.TestRunnerTestNG" name="runScenario" time="13.243"/>
</testsuite> <!-- com.runner.TestRunnerTestNG -->
