<?xml version="1.0" encoding="UTF-8"?>
<!-- Generated by org.testng.reporters.JUnitReportReporter -->
<testsuite hostname="Roshini" failures="0" tests="2" name="com.runner.TestRunnerTestNG" time="5.057" errors="0" timestamp="2025-09-06T14:34:16 IST" skipped="0">
  <testcase classname="com.runner.TestRunnerTestNG" name="runScenario" time="4.965"/>
  <testcase classname="com.runner.TestRunnerTestNG" name="runScenario" time="0.092"/>
</testsuite> <!-- com.runner.TestRunnerTestNG -->
